# JRE version: Java(TM) SE Runtime Environment (20.0.1+9) (build 20.0.1+9-29)
# Java VM: Java HotSpot(TM) 64-Bit Server VM (20.0.1+9-29, mixed mode, sharing, tiered, compressed oops, compressed class ptrs, g1 gc, windows-amd64)
GC Precious Log:
 CardTable entry size: 512
 Card Set container configuration: InlinePtr #cards 4 size 8 Array Of Cards #cards 32 size 80 Howl #buckets 8 coarsen threshold 7372 Howl Bitmap #cards 1024 size 144 coarsen threshold 921 Card regions per heap region 1 cards per card region 8192
 CPUs: 20 total, 20 available
 Memory: 32485M
 Large Page Support: Disabled
 NUMA Support: Disabled
 Compressed Oops: Enabled (Zero based)
 Heap Region Size: 4M
 Heap Min Capacity: 8M
 Heap Initial Capacity: 508M
 Heap Max Capacity: 8124M
 Pre-touch: Disabled
 Parallel Workers: 15
 Concurrent Workers: 4
 Concurrent Refinement Workers: 15
 Periodic GC: Disabled
Heap:
 garbage-first heap   total 520192K, used 153859K [0x0000000604400000, 0x0000000800000000)
  region size 4096K, 2 young (8192K), 2 survivors (8192K)
 Metaspace       used 7424K, committed 7744K, reserved 1114112K
  class space    used 680K, committed 832K, reserved 1048576K
GC Heap History (20 events):
Event: 45.714 GC heap after
{Heap after GC invocations=2 (full 0):
 garbage-first heap   total 520192K, used 26043K [0x0000000604400000, 0x0000000800000000)
  region size 4096K, 1 young (4096K), 1 survivors (4096K)
 Metaspace       used 7038K, committed 7296K, reserved 1114112K
  class space    used 662K, committed 768K, reserved 1048576K
}
Event: 105.806 GC heap before
{Heap before GC invocations=2 (full 0):
 garbage-first heap   total 520192K, used 46523K [0x0000000604400000, 0x0000000800000000)
  region size 4096K, 6 young (24576K), 1 survivors (4096K)
 Metaspace       used 7041K, committed 7296K, reserved 1114112K
  class space    used 662K, committed 768K, reserved 1048576K
}
Event: 105.833 GC heap after
{Heap after GC invocations=3 (full 0):
 garbage-first heap   total 520192K, used 41678K [0x0000000604400000, 0x0000000800000000)
  region size 4096K, 1 young (4096K), 1 survivors (4096K)
 Metaspace       used 7041K, committed 7296K, reserved 1114112K
  class space    used 662K, committed 768K, reserved 1048576K
}
Event: 238.459 GC heap before
{Heap before GC invocations=3 (full 0):
 garbage-first heap   total 520192K, used 70350K [0x0000000604400000, 0x0000000800000000)
  region size 4096K, 8 young (32768K), 1 survivors (4096K)
 Metaspace       used 7042K, committed 7296K, reserved 1114112K
  class space    used 662K, committed 768K, reserved 1048576K
}
Event: 238.502 GC heap after
{Heap after GC invocations=4 (full 0):
 garbage-first heap   total 520192K, used 64789K [0x0000000604400000, 0x0000000800000000)
  region size 4096K, 1 young (4096K), 1 survivors (4096K)
 Metaspace       used 7042K, committed 7296K, reserved 1114112K
  class space    used 662K, committed 768K, reserved 1048576K
}
Event: 272.107 GC heap before
{Heap before GC invocations=4 (full 0):
 garbage-first heap   total 520192K, used 101653K [0x0000000604400000, 0x0000000800000000)
  region size 4096K, 8 young (32768K), 1 survivors (4096K)
 Metaspace       used 7381K, committed 7680K, reserved 1114112K
  class space    used 680K, committed 832K, reserved 1048576K
}
Event: 272.139 GC heap after
{Heap after GC invocations=5 (full 0):
 garbage-first heap   total 520192K, used 96104K [0x0000000604400000, 0x0000000800000000)
  region size 4096K, 1 young (4096K), 1 survivors (4096K)
 Metaspace       used 7381K, committed 7680K, reserved 1114112K
  class space    used 680K, committed 832K, reserved 1048576K
}
Event: 367.316 GC heap before
{Heap before GC invocations=5 (full 0):
 garbage-first heap   total 520192K, used 198504K [0x0000000604400000, 0x0000000800000000)
  region size 4096K, 11 young (45056K), 1 survivors (4096K)
 Metaspace       used 7413K, committed 7744K, reserved 1114112K
  class space    used 680K, committed 832K, reserved 1048576K
}
Event: 367.384 GC heap after
{Heap after GC invocations=6 (full 0):
 garbage-first heap   total 520192K, used 162185K [0x0000000604400000, 0x0000000800000000)
  region size 4096K, 2 young (8192K), 2 survivors (8192K)
 Metaspace       used 7413K, committed 7744K, reserved 1114112K
  class space    used 680K, committed 832K, reserved 1048576K
}
Event: 372.139 GC heap before
{Heap before GC invocations=6 (full 0):
 garbage-first heap   total 520192K, used 231817K [0x0000000604400000, 0x0000000800000000)
  region size 4096K, 3 young (12288K), 2 survivors (8192K)
 Metaspace       used 7414K, committed 7744K, reserved 1114112K
  class space    used 680K, committed 832K, reserved 1048576K
}
Event: 372.148 GC heap after
{Heap after GC invocations=7 (full 0):
 garbage-first heap   total 520192K, used 166156K [0x0000000604400000, 0x0000000800000000)
  region size 4096K, 2 young (8192K), 2 survivors (8192K)
 Metaspace       used 7414K, committed 7744K, reserved 1114112K
  class space    used 680K, committed 832K, reserved 1048576K
}
Event: 372.333 GC heap before
{Heap before GC invocations=7 (full 0):
 garbage-first heap   total 520192K, used 235788K [0x0000000604400000, 0x0000000800000000)
  region size 4096K, 3 young (12288K), 2 survivors (8192K)
 Metaspace       used 7420K, committed 7744K, reserved 1114112K
  class space    used 680K, committed 832K, reserved 1048576K
}
Event: 372.336 GC heap after
{Heap after GC invocations=8 (full 0):
 garbage-first heap   total 520192K, used 178507K [0x0000000604400000, 0x0000000800000000)
  region size 4096K, 2 young (8192K), 2 survivors (8192K)
 Metaspace       used 7420K, committed 7744K, reserved 1114112K
  class space    used 680K, committed 832K, reserved 1048576K
}
Event: 372.443 GC heap before
{Heap before GC invocations=8 (full 0):
 garbage-first heap   total 520192K, used 235851K [0x0000000604400000, 0x0000000800000000)
  region size 4096K, 3 young (12288K), 2 survivors (8192K)
 Metaspace       used 7420K, committed 7744K, reserved 1114112K
  class space    used 680K, committed 832K, reserved 1048576K
}
Event: 372.446 GC heap after
{Heap after GC invocations=9 (full 0):
 garbage-first heap   total 520192K, used 171452K [0x0000000604400000, 0x0000000800000000)
  region size 4096K, 3 young (12288K), 3 survivors (12288K)
 Metaspace       used 7420K, committed 7744K, reserved 1114112K
  class space    used 680K, committed 832K, reserved 1048576K
}
Event: 372.589 GC heap before
{Heap before GC invocations=9 (full 0):
 garbage-first heap   total 520192K, used 232892K [0x0000000604400000, 0x0000000800000000)
  region size 4096K, 5 young (20480K), 3 survivors (12288K)
 Metaspace       used 7420K, committed 7744K, reserved 1114112K
  class space    used 680K, committed 832K, reserved 1048576K
}
Event: 372.592 GC heap after
{Heap after GC invocations=10 (full 0):
 garbage-first heap   total 520192K, used 153898K [0x0000000604400000, 0x0000000800000000)
  region size 4096K, 2 young (8192K), 2 survivors (8192K)
 Metaspace       used 7420K, committed 7744K, reserved 1114112K
  class space    used 680K, committed 832K, reserved 1048576K
}
Event: 372.668 GC heap before
{Heap before GC invocations=10 (full 0):
 garbage-first heap   total 520192K, used 235818K [0x0000000604400000, 0x0000000800000000)
  region size 4096K, 3 young (12288K), 2 survivors (8192K)
 Metaspace       used 7421K, committed 7744K, reserved 1114112K
  class space    used 680K, committed 832K, reserved 1048576K
}
Event: 372.671 GC heap after
{Heap after GC invocations=11 (full 0):
 garbage-first heap   total 520192K, used 186691K [0x0000000604400000, 0x0000000800000000)
  region size 4096K, 2 young (8192K), 2 survivors (8192K)
 Metaspace       used 7421K, committed 7744K, reserved 1114112K
  class space    used 680K, committed 832K, reserved 1048576K
}
Event: 372.747 GC heap before
{Heap before GC invocations=11 (full 0):
 garbage-first heap   total 520192K, used 235843K [0x0000000604400000, 0x0000000800000000)
  region size 4096K, 3 young (12288K), 2 survivors (8192K)
 Metaspace       used 7424K, committed 7744K, reserved 1114112K
  class space    used 680K, committed 832K, reserved 1048576K
}

