# JRE version: Java(TM) SE Runtime Environment (20.0.1+9) (build 20.0.1+9-29)
# Java VM: Java HotSpot(TM) 64-Bit Server VM (20.0.1+9-29, mixed mode, sharing, tiered, compressed oops, compressed class ptrs, g1 gc, windows-amd64)
GC Precious Log:
 CardTable entry size: 512
 Card Set container configuration: InlinePtr #cards 4 size 8 Array Of Cards #cards 32 size 80 Howl #buckets 8 coarsen threshold 7372 Howl Bitmap #cards 1024 size 144 coarsen threshold 921 Card regions per heap region 1 cards per card region 8192
 CPUs: 20 total, 20 available
 Memory: 32485M
 Large Page Support: Disabled
 NUMA Support: Disabled
 Compressed Oops: Enabled (Zero based)
 Heap Region Size: 4M
 Heap Min Capacity: 8M
 Heap Initial Capacity: 508M
 Heap Max Capacity: 8124M
 Pre-touch: Disabled
 Parallel Workers: 15
 Concurrent Workers: 4
 Concurrent Refinement Workers: 15
 Periodic GC: Disabled
Heap:
 garbage-first heap   total 520192K, used 136769K [0x0000000604400000, 0x0000000800000000)
  region size 4096K, 2 young (8192K), 2 survivors (8192K)
 Metaspace       used 7557K, committed 7808K, reserved 1114112K
  class space    used 696K, committed 832K, reserved 1048576K
GC Heap History (20 events):
Event: 42.494 GC heap after
{Heap after GC invocations=2 (full 0):
 garbage-first heap   total 520192K, used 25505K [0x0000000604400000, 0x0000000800000000)
  region size 4096K, 1 young (4096K), 1 survivors (4096K)
 Metaspace       used 7167K, committed 7488K, reserved 1114112K
  class space    used 678K, committed 832K, reserved 1048576K
}
Event: 98.988 GC heap before
{Heap before GC invocations=2 (full 0):
 garbage-first heap   total 520192K, used 45985K [0x0000000604400000, 0x0000000800000000)
  region size 4096K, 6 young (24576K), 1 survivors (4096K)
 Metaspace       used 7181K, committed 7488K, reserved 1114112K
  class space    used 678K, committed 832K, reserved 1048576K
}
Event: 99.016 GC heap after
{Heap after GC invocations=3 (full 0):
 garbage-first heap   total 520192K, used 41157K [0x0000000604400000, 0x0000000800000000)
  region size 4096K, 1 young (4096K), 1 survivors (4096K)
 Metaspace       used 7181K, committed 7488K, reserved 1114112K
  class space    used 678K, committed 832K, reserved 1048576K
}
Event: 236.043 GC heap before
{Heap before GC invocations=3 (full 0):
 garbage-first heap   total 520192K, used 69829K [0x0000000604400000, 0x0000000800000000)
  region size 4096K, 8 young (32768K), 1 survivors (4096K)
 Metaspace       used 7192K, committed 7488K, reserved 1114112K
  class space    used 678K, committed 832K, reserved 1048576K
}
Event: 236.083 GC heap after
{Heap after GC invocations=4 (full 0):
 garbage-first heap   total 520192K, used 64808K [0x0000000604400000, 0x0000000800000000)
  region size 4096K, 1 young (4096K), 1 survivors (4096K)
 Metaspace       used 7192K, committed 7488K, reserved 1114112K
  class space    used 678K, committed 832K, reserved 1048576K
}
Event: 265.010 GC heap before
{Heap before GC invocations=4 (full 0):
 garbage-first heap   total 520192K, used 89384K [0x0000000604400000, 0x0000000800000000)
  region size 4096K, 8 young (32768K), 1 survivors (4096K)
 Metaspace       used 7356K, committed 7680K, reserved 1114112K
  class space    used 680K, committed 832K, reserved 1048576K
}
Event: 265.054 GC heap after
{Heap after GC invocations=5 (full 0):
 garbage-first heap   total 520192K, used 79099K [0x0000000604400000, 0x0000000800000000)
  region size 4096K, 1 young (4096K), 1 survivors (4096K)
 Metaspace       used 7356K, committed 7680K, reserved 1114112K
  class space    used 680K, committed 832K, reserved 1048576K
}
Event: 362.903 GC heap before
{Heap before GC invocations=5 (full 0):
 garbage-first heap   total 520192K, used 124155K [0x0000000604400000, 0x0000000800000000)
  region size 4096K, 10 young (40960K), 1 survivors (4096K)
 Metaspace       used 7554K, committed 7808K, reserved 1114112K
  class space    used 696K, committed 832K, reserved 1048576K
}
Event: 362.921 GC heap after
{Heap after GC invocations=6 (full 0):
 garbage-first heap   total 520192K, used 91958K [0x0000000604400000, 0x0000000800000000)
  region size 4096K, 2 young (8192K), 2 survivors (8192K)
 Metaspace       used 7554K, committed 7808K, reserved 1114112K
  class space    used 696K, committed 832K, reserved 1048576K
}
Event: 412.158 GC heap before
{Heap before GC invocations=6 (full 0):
 garbage-first heap   total 520192K, used 247606K [0x0000000604400000, 0x0000000800000000)
  region size 4096K, 8 young (32768K), 2 survivors (8192K)
 Metaspace       used 7554K, committed 7808K, reserved 1114112K
  class space    used 696K, committed 832K, reserved 1048576K
}
Event: 412.178 GC heap after
{Heap after GC invocations=7 (full 0):
 garbage-first heap   total 520192K, used 218733K [0x0000000604400000, 0x0000000800000000)
  region size 4096K, 2 young (8192K), 2 survivors (8192K)
 Metaspace       used 7554K, committed 7808K, reserved 1114112K
  class space    used 696K, committed 832K, reserved 1048576K
}
Event: 412.251 GC heap before
{Heap before GC invocations=7 (full 0):
 garbage-first heap   total 520192K, used 239213K [0x0000000604400000, 0x0000000800000000)
  region size 4096K, 4 young (16384K), 2 survivors (8192K)
 Metaspace       used 7555K, committed 7808K, reserved 1114112K
  class space    used 696K, committed 832K, reserved 1048576K
}
Event: 412.256 GC heap after
{Heap after GC invocations=8 (full 0):
 garbage-first heap   total 520192K, used 124588K [0x0000000604400000, 0x0000000800000000)
  region size 4096K, 2 young (8192K), 2 survivors (8192K)
 Metaspace       used 7555K, committed 7808K, reserved 1114112K
  class space    used 696K, committed 832K, reserved 1048576K
}
Event: 412.513 GC heap before
{Heap before GC invocations=8 (full 0):
 garbage-first heap   total 520192K, used 231084K [0x0000000604400000, 0x0000000800000000)
  region size 4096K, 3 young (12288K), 2 survivors (8192K)
 Metaspace       used 7555K, committed 7808K, reserved 1114112K
  class space    used 696K, committed 832K, reserved 1048576K
}
Event: 412.516 GC heap after
{Heap after GC invocations=9 (full 0):
 garbage-first heap   total 520192K, used 185893K [0x0000000604400000, 0x0000000800000000)
  region size 4096K, 2 young (8192K), 2 survivors (8192K)
 Metaspace       used 7555K, committed 7808K, reserved 1114112K
  class space    used 696K, committed 832K, reserved 1048576K
}
Event: 412.636 GC heap before
{Heap before GC invocations=9 (full 0):
 garbage-first heap   total 520192K, used 235045K [0x0000000604400000, 0x0000000800000000)
  region size 4096K, 4 young (16384K), 2 survivors (8192K)
 Metaspace       used 7555K, committed 7808K, reserved 1114112K
  class space    used 696K, committed 832K, reserved 1048576K
}
Event: 412.639 GC heap after
{Heap after GC invocations=10 (full 0):
 garbage-first heap   total 520192K, used 140901K [0x0000000604400000, 0x0000000800000000)
  region size 4096K, 2 young (8192K), 2 survivors (8192K)
 Metaspace       used 7555K, committed 7808K, reserved 1114112K
  class space    used 696K, committed 832K, reserved 1048576K
}
Event: 412.946 GC heap before
{Heap before GC invocations=10 (full 0):
 garbage-first heap   total 520192K, used 239205K [0x0000000604400000, 0x0000000800000000)
  region size 4096K, 3 young (12288K), 2 survivors (8192K)
 Metaspace       used 7557K, committed 7808K, reserved 1114112K
  class space    used 696K, committed 832K, reserved 1048576K
}
Event: 412.953 GC heap after
{Heap after GC invocations=11 (full 0):
 garbage-first heap   total 520192K, used 177662K [0x0000000604400000, 0x0000000800000000)
  region size 4096K, 2 young (8192K), 2 survivors (8192K)
 Metaspace       used 7557K, committed 7808K, reserved 1114112K
  class space    used 696K, committed 832K, reserved 1048576K
}
Event: 412.996 GC heap before
{Heap before GC invocations=11 (full 0):
 garbage-first heap   total 520192K, used 226814K [0x0000000604400000, 0x0000000800000000)
  region size 4096K, 3 young (12288K), 2 survivors (8192K)
 Metaspace       used 7557K, committed 7808K, reserved 1114112K
  class space    used 696K, committed 832K, reserved 1048576K
}

